<?xml version="1.0" encoding="UTF-8"?>
<!-- Generated by org.testng.reporters.JUnitReportReporter -->
<testsuite skipped="0" hostname="DESKTOP-M3ULR6U" name="com.tests.SeleniumTestNgJenkinsIntegration.TestNg" tests="1" failures="0" timestamp="30 Nov 2020 02:17:23 GMT" time="12.241" errors="0">
  <testcase name="f" time="12.241" classname="com.tests.SeleniumTestNgJenkinsIntegration.TestNg"/>
</testsuite> <!-- com.tests.SeleniumTestNgJenkinsIntegration.TestNg -->
