<?xml version="1.0" encoding="UTF-8"?>
<!-- Generated by org.testng.reporters.JUnitReportReporter -->
<testsuite skipped="0" hostname="DESKTOP-M3ULR6U" name="com.tests.SeleniumTestNgJenkinsIntegration.Screenshot" tests="1" failures="0" timestamp="01 Dec 2020 08:52:37 GMT" time="0.434" errors="0">
  <testcase name="f" time="0.434" classname="com.tests.SeleniumTestNgJenkinsIntegration.Screenshot"/>
</testsuite> <!-- com.tests.SeleniumTestNgJenkinsIntegration.Screenshot -->
